<?xml version="1.0" encoding="UTF-8"?>
<!-- Generated by org.testng.reporters.JUnitReportReporter -->
<testsuite hostname="STIPL-SMBD0080" failures="0" tests="1" name="rahulshettyacademy.MobileBrowserTests" time="25.435" errors="0" timestamp="2024-12-20T11:27:52 IST" skipped="0">
  <testcase classname="rahulshettyacademy.MobileBrowserTests" name="browserTest" time="25.435"/>
</testsuite> <!-- rahulshettyacademy.MobileBrowserTests -->
