<?xml version="1.0" encoding="UTF-8"?>
<!-- Generated by org.testng.reporters.JUnitReportReporter -->
<testsuite hostname="STIPL-SMBD0080" failures="0" tests="1" name="rahulshettyacademy.Ecommerce_tc_4" time="63.055" errors="0" timestamp="2024-12-19T19:36:06 IST" skipped="0">
  <testcase classname="rahulshettyacademy.Ecommerce_tc_4" name="fillForm" time="63.055"/>
</testsuite> <!-- rahulshettyacademy.Ecommerce_tc_4 -->
