<?xml version="1.0" encoding="UTF-8"?>
<!-- Generated by org.testng.reporters.JUnitReportReporter -->
<testsuite hostname="STIPL-SMBD0080" failures="0" tests="1" name="rahulshettyacademy.ScrollTestDemo" time="14.863" errors="0" timestamp="2024-12-17T19:51:05 IST" skipped="0">
  <testcase classname="rahulshettyacademy.ScrollTestDemo" name="scrollTestDemo" time="14.863"/>
</testsuite> <!-- rahulshettyacademy.ScrollTestDemo -->
