<?xml version="1.0" encoding="UTF-8"?>
<!-- Generated by org.testng.reporters.JUnitReportReporter -->
<testsuite hostname="STIPL-SMBD0080" failures="0" tests="1" name="rahulshettyacademy.LongPress" time="26.445" errors="0" timestamp="2024-12-17T18:52:51 IST" skipped="0">
  <testcase classname="rahulshettyacademy.LongPress" name="longPressGesture" time="26.445"/>
</testsuite> <!-- rahulshettyacademy.LongPress -->
