<?xml version="1.0" encoding="UTF-8"?>
<!-- Generated by org.testng.reporters.JUnitReportReporter -->
<testsuite hostname="STIPL-SMBD0080" failures="0" tests="1" name="rahulshettyacademy.Assnment1_HandlingAlert" time="7.884" errors="0" timestamp="2024-12-18T15:45:05 IST" skipped="0">
  <testcase classname="rahulshettyacademy.Assnment1_HandlingAlert" name="enterTextToTextFields" time="7.884"/>
</testsuite> <!-- rahulshettyacademy.Assnment1_HandlingAlert -->
