<?xml version="1.0" encoding="UTF-8"?>
<!-- Generated by org.testng.reporters.JUnitReportReporter -->
<testsuite hostname="STIPL-SMBD0080" failures="0" tests="1" name="rahulshettyacademy.AppiumBasics" time="18.224" errors="0" timestamp="2024-12-17T15:53:31 IST" skipped="0">
  <testcase classname="rahulshettyacademy.AppiumBasics" name="wifiSettingNameTest" time="18.224"/>
</testsuite> <!-- rahulshettyacademy.AppiumBasics -->
