<?xml version="1.0" encoding="UTF-8"?>
<!-- Generated by org.testng.reporters.JUnitReportReporter -->
<testsuite hostname="STIPL-SMBD0080" failures="0" tests="1" name="rahulshettyacademy.DragDropDemo" time="9.055" errors="0" timestamp="2024-12-18T14:16:44 IST" skipped="0">
  <testcase classname="rahulshettyacademy.DragDropDemo" name="dragDropDemoTest" time="9.055"/>
</testsuite> <!-- rahulshettyacademy.DragDropDemo -->
