<?xml version="1.0" encoding="UTF-8"?>
<!-- Generated by org.testng.reporters.JUnitReportReporter -->
<testsuite hostname="STIPL-SMBD0080" failures="0" tests="1" name="rahulshettyacademy.SwipeDemo" time="7.701" errors="0" timestamp="2024-12-18T13:15:07 IST" skipped="0">
  <testcase classname="rahulshettyacademy.SwipeDemo" name="swipeDemoTest" time="7.701"/>
</testsuite> <!-- rahulshettyacademy.SwipeDemo -->
