<?xml version="1.0" encoding="UTF-8"?>
<!-- Generated by org.testng.reporters.JUnitReportReporter -->
<testsuite hostname="STIPL-SMBD0080" failures="0" tests="1" name="rahulshettyacademy.Ecommerce_tc_2" time="26.194" errors="0" timestamp="2024-12-19T16:24:43 IST" skipped="0">
  <testcase classname="rahulshettyacademy.Ecommerce_tc_2" name="fillForm" time="26.194"/>
</testsuite> <!-- rahulshettyacademy.Ecommerce_tc_2 -->
